[  0%] Built target geometry_msgs_generate_messages_py
[  0%] Built target sensor_msgs_generate_messages_lisp
[  0%] Built target geometry_msgs_generate_messages_lisp
[  0%] Built target std_msgs_generate_messages_eus
[  0%] Built target std_msgs_generate_messages_nodejs
[  0%] Built target std_msgs_generate_messages_cpp
[  0%] Built target std_msgs_generate_messages_py
[  0%] Built target geometry_msgs_generate_messages_eus
[  0%] Built target std_msgs_generate_messages_lisp
[  0%] Built target sensor_msgs_generate_messages_cpp
[  0%] Built target sensor_msgs_generate_messages_py
[  0%] Built target geometry_msgs_generate_messages_nodejs
[  0%] Built target sensor_msgs_generate_messages_eus
[  0%] Built target sensor_msgs_generate_messages_nodejs
[  0%] Built target geometry_msgs_generate_messages_cpp
[ 33%] [32mBuilding CXX object src/CMakeFiles/cv_bridge.dir/cv_bridge.cpp.o[0m
[ 33%] [32mBuilding CXX object src/CMakeFiles/cv_bridge.dir/rgb_colors.cpp.o[0m
In file included from [01m[K/home/autoware/catkin_ws/src/beginner_tutorials/cv_bridge/src/vision_opencv/cv_bridge/src/rgb_colors.cpp:36:0[m[K:
[01m[K/home/autoware/catkin_ws/src/beginner_tutorials/cv_bridge/src/vision_opencv/cv_bridge/include/cv_bridge/rgb_colors.h:39:10:[m[K [01;31m[Kfatal error: [m[Kopencv2/opencv.hpp: No such file or directory
 #include [01;31m[K<opencv2/opencv.hpp>[m[K
          [01;31m[K^~~~~~~~~~~~~~~~~~~~[m[K
compilation terminated.
src/CMakeFiles/cv_bridge.dir/build.make:86: recipe for target 'src/CMakeFiles/cv_bridge.dir/rgb_colors.cpp.o' failed
make[2]: *** [src/CMakeFiles/cv_bridge.dir/rgb_colors.cpp.o] Error 1
make[2]: *** Waiting for unfinished jobs....
[01m[K/home/autoware/catkin_ws/src/beginner_tutorials/cv_bridge/src/vision_opencv/cv_bridge/src/cv_bridge.cpp:43:10:[m[K [01;31m[Kfatal error: [m[Kopencv2/imgcodecs.hpp: No such file or directory
 #include [01;31m[K<opencv2/imgcodecs.hpp>[m[K
          [01;31m[K^~~~~~~~~~~~~~~~~~~~~~~[m[K
compilation terminated.
src/CMakeFiles/cv_bridge.dir/build.make:62: recipe for target 'src/CMakeFiles/cv_bridge.dir/cv_bridge.cpp.o' failed
make[2]: *** [src/CMakeFiles/cv_bridge.dir/cv_bridge.cpp.o] Error 1
CMakeFiles/Makefile2:981: recipe for target 'src/CMakeFiles/cv_bridge.dir/all' failed
make[1]: *** [src/CMakeFiles/cv_bridge.dir/all] Error 2
Makefile:140: recipe for target 'all' failed
make: *** [all] Error 2
