[  0%] Built target geometry_msgs_generate_messages_py
[  0%] Built target std_msgs_generate_messages_py
[  0%] Built target std_msgs_generate_messages_nodejs
[  0%] Built target std_msgs_generate_messages_eus
[  0%] Built target sensor_msgs_generate_messages_lisp
[  0%] Built target geometry_msgs_generate_messages_nodejs
[  0%] Built target std_msgs_generate_messages_cpp
[  0%] Built target geometry_msgs_generate_messages_eus
[  0%] Built target sensor_msgs_generate_messages_py
[  0%] Built target geometry_msgs_generate_messages_lisp
[  0%] Built target std_msgs_generate_messages_lisp
[  0%] Built target sensor_msgs_generate_messages_cpp
[  0%] Built target sensor_msgs_generate_messages_eus
[  0%] Built target sensor_msgs_generate_messages_nodejs
[  0%] Built target geometry_msgs_generate_messages_cpp
[ 50%] Built target cv_bridge
[100%] Built target cv_bridge_boost
[36mInstall the project...[0m
-- Install configuration: ""
-- Installing: /home/autoware/catkin_ws/src/beginner_tutorials/cv_bridge/install/_setup_util.py
-- Installing: /home/autoware/catkin_ws/src/beginner_tutorials/cv_bridge/install/env.sh
-- Installing: /home/autoware/catkin_ws/src/beginner_tutorials/cv_bridge/install/setup.bash
-- Installing: /home/autoware/catkin_ws/src/beginner_tutorials/cv_bridge/install/local_setup.bash
-- Installing: /home/autoware/catkin_ws/src/beginner_tutorials/cv_bridge/install/setup.sh
-- Installing: /home/autoware/catkin_ws/src/beginner_tutorials/cv_bridge/install/local_setup.sh
-- Installing: /home/autoware/catkin_ws/src/beginner_tutorials/cv_bridge/install/setup.zsh
-- Installing: /home/autoware/catkin_ws/src/beginner_tutorials/cv_bridge/install/local_setup.zsh
-- Installing: /home/autoware/catkin_ws/src/beginner_tutorials/cv_bridge/install/.rosinstall
-- Installing: /home/autoware/catkin_ws/src/beginner_tutorials/cv_bridge/install/lib/pkgconfig/cv_bridge.pc
-- Installing: /home/autoware/catkin_ws/src/beginner_tutorials/cv_bridge/install/share/cv_bridge/cmake/cv_bridge-extras.cmake
-- Installing: /home/autoware/catkin_ws/src/beginner_tutorials/cv_bridge/install/share/cv_bridge/cmake/cv_bridgeConfig.cmake
-- Installing: /home/autoware/catkin_ws/src/beginner_tutorials/cv_bridge/install/share/cv_bridge/cmake/cv_bridgeConfig-version.cmake
-- Installing: /home/autoware/catkin_ws/src/beginner_tutorials/cv_bridge/install/share/cv_bridge/package.xml
+ cd /home/autoware/catkin_ws/src/beginner_tutorials/cv_bridge/src/vision_opencv/cv_bridge
+ mkdir -p /home/autoware/catkin_ws/src/beginner_tutorials/cv_bridge/install/lib/python3/dist-packages
+ /usr/bin/env PYTHONPATH=/home/autoware/catkin_ws/src/beginner_tutorials/cv_bridge/install/lib/python3/dist-packages:/home/autoware/catkin_ws/src/beginner_tutorials/cv_bridge/build/cv_bridge/lib/python3/dist-packages:/home/autoware/Autoware/install/vector_map_server/lib/python2.7/dist-packages:/home/autoware/Autoware/install/vector_map_msgs/lib/python2.7/dist-packages:/home/autoware/Autoware/install/tablet_socket_msgs/lib/python2.7/dist-packages:/home/autoware/Autoware/install/sick_ldmrs_driver/lib/python2.7/dist-packages:/home/autoware/Autoware/install/sick_ldmrs_msgs/lib/python2.7/dist-packages:/home/autoware/Autoware/install/points_downsampler/lib/python2.7/dist-packages:/home/autoware/Autoware/install/lgsvl_simulator_bridge/lib/python2.7/dist-packages:/home/autoware/Autoware/install/kitti_player/lib/python2.7/dist-packages:/home/autoware/Autoware/install/javad_navsat_driver/lib/python2.7/dist-packages:/home/autoware/Autoware/install/ds4_msgs/lib/python2.7/dist-packages:/home/autoware/Autoware/install/custom_msgs/lib/python2.7/dist-packages:/home/autoware/Autoware/install/carla_autoware_bridge/lib/python2.7/dist-packages:/home/autoware/Autoware/install/autoware_system_msgs/lib/python2.7/dist-packages:/home/autoware/Autoware/install/autoware_camera_lidar_calibrator/lib/python2.7/dist-packages:/home/autoware/Autoware/install/autoware_msgs/lib/python2.7/dist-packages:/home/autoware/Autoware/install/autoware_map_msgs/lib/python2.7/dist-packages:/home/autoware/Autoware/install/autoware_launcher/lib/python2.7/dist-packages:/home/autoware/Autoware/install/autoware_lanelet2_msgs/lib/python2.7/dist-packages:/home/autoware/Autoware/install/autoware_config_msgs/lib/python2.7/dist-packages:/home/autoware/Autoware/install/autoware_can_msgs/lib/python2.7/dist-packages:/opt/ros/melodic/lib/python2.7/dist-packages CATKIN_BINARY_DIR=/home/autoware/catkin_ws/src/beginner_tutorials/cv_bridge/build/cv_bridge /usr/bin/python3 /home/autoware/catkin_ws/src/beginner_tutorials/cv_bridge/src/vision_opencv/cv_bridge/setup.py build --build-base /home/autoware/catkin_ws/src/beginner_tutorials/cv_bridge/build/cv_bridge install --root=/ --install-layout=deb --prefix=/home/autoware/catkin_ws/src/beginner_tutorials/cv_bridge/install --install-scripts=/home/autoware/catkin_ws/src/beginner_tutorials/cv_bridge/install/bin
running build
running build_py
creating /home/autoware/catkin_ws/src/beginner_tutorials/cv_bridge/build/cv_bridge/lib
creating /home/autoware/catkin_ws/src/beginner_tutorials/cv_bridge/build/cv_bridge/lib/cv_bridge
copying python/cv_bridge/__init__.py -> /home/autoware/catkin_ws/src/beginner_tutorials/cv_bridge/build/cv_bridge/lib/cv_bridge
copying python/cv_bridge/core.py -> /home/autoware/catkin_ws/src/beginner_tutorials/cv_bridge/build/cv_bridge/lib/cv_bridge
running install
running install_lib
creating /home/autoware/catkin_ws/src/beginner_tutorials/cv_bridge/install/lib/python3/dist-packages/cv_bridge
copying /home/autoware/catkin_ws/src/beginner_tutorials/cv_bridge/build/cv_bridge/lib/cv_bridge/__init__.py -> /home/autoware/catkin_ws/src/beginner_tutorials/cv_bridge/install/lib/python3/dist-packages/cv_bridge
copying /home/autoware/catkin_ws/src/beginner_tutorials/cv_bridge/build/cv_bridge/lib/cv_bridge/core.py -> /home/autoware/catkin_ws/src/beginner_tutorials/cv_bridge/install/lib/python3/dist-packages/cv_bridge
byte-compiling /home/autoware/catkin_ws/src/beginner_tutorials/cv_bridge/install/lib/python3/dist-packages/cv_bridge/__init__.py to __init__.cpython-36.pyc
byte-compiling /home/autoware/catkin_ws/src/beginner_tutorials/cv_bridge/install/lib/python3/dist-packages/cv_bridge/core.py to core.cpython-36.pyc
running install_egg_info
Writing /home/autoware/catkin_ws/src/beginner_tutorials/cv_bridge/install/lib/python3/dist-packages/cv_bridge-1.13.0.egg-info
-- Installing: /home/autoware/catkin_ws/src/beginner_tutorials/cv_bridge/install/include/cv_bridge
-- Installing: /home/autoware/catkin_ws/src/beginner_tutorials/cv_bridge/install/include/cv_bridge/cv_bridge.h
-- Installing: /home/autoware/catkin_ws/src/beginner_tutorials/cv_bridge/install/include/cv_bridge/rgb_colors.h
-- Installing: /home/autoware/catkin_ws/src/beginner_tutorials/cv_bridge/install/lib/python3/dist-packages/cv_bridge/boost/__init__.py
-- Installing: /home/autoware/catkin_ws/src/beginner_tutorials/cv_bridge/install/lib/libcv_bridge.so
-- Set runtime path of "/home/autoware/catkin_ws/src/beginner_tutorials/cv_bridge/install/lib/libcv_bridge.so" to ""
-- Installing: /home/autoware/catkin_ws/src/beginner_tutorials/cv_bridge/install/lib/python3/dist-packages/cv_bridge/boost/cv_bridge_boost.so
-- Set runtime path of "/home/autoware/catkin_ws/src/beginner_tutorials/cv_bridge/install/lib/python3/dist-packages/cv_bridge/boost/cv_bridge_boost.so" to ""
